[1124/170958.227:ERROR:gpu_init.cc(453)] Passthrough is not supported, GL is disabled, ANGLE is 
[1125/075331.500:WARNING:browser_info.cc(298)] Returning a speculative frame for 21474836485 [5,5]
[1125/075331.710:WARNING:browser_info.cc(298)] Returning a speculative frame for 21474836485 [5,5]
[1125/075331.712:WARNING:browser_info.cc(298)] Returning a speculative frame for 21474836485 [5,5]
[1125/075331.712:WARNING:browser_info.cc(298)] Returning a speculative frame for 21474836485 [5,5]
[1125/075331.713:WARNING:browser_info.cc(298)] Returning a speculative frame for 21474836485 [5,5]
[1125/075339.270:ERROR:url_util.cc(33)] Invalid URL: http://mai%3B.google.com/
[1125/075355.134:INFO:CONSOLE(133)] "[Report Only] This document requires 'TrustedScriptURL' assignment.", source: https://www.google.com/gmail/about/ (133)
[1125/075359.133:WARNING:browser_info.cc(298)] Returning a speculative frame for 55834574853 [13,5]
[1125/075359.238:WARNING:browser_info.cc(298)] Returning a speculative frame for 55834574853 [13,5]
[1125/075359.238:WARNING:browser_info.cc(298)] Returning a speculative frame for 55834574853 [13,5]
[1125/075359.239:WARNING:browser_info.cc(298)] Returning a speculative frame for 55834574853 [13,5]
[1125/075359.239:WARNING:browser_info.cc(298)] Returning a speculative frame for 55834574853 [13,5]
[1125/075400.503:INFO:CONSOLE(133)] "[Report Only] This document requires 'TrustedScriptURL' assignment.", source: https://www.google.com/gmail/about/ (133)
[1125/075402.620:INFO:CONSOLE(1)] "'window.webkitStorageInfo' is deprecated. Please use 'navigator.webkitTemporaryStorage' or 'navigator.webkitPersistentStorage' instead.", source:  (1)
[1125/075404.652:INFO:CONSOLE(133)] "[Report Only] This document requires 'TrustedScriptURL' assignment.", source: https://www.google.com/gmail/about/ (133)
[1125/075408.238:WARNING:browser_info.cc(298)] Returning a speculative frame for 60129542149 [14,5]
[1125/075408.585:WARNING:browser_info.cc(298)] Returning a speculative frame for 60129542149 [14,5]
[1125/075408.586:WARNING:browser_info.cc(298)] Returning a speculative frame for 60129542149 [14,5]
[1125/075408.586:WARNING:browser_info.cc(298)] Returning a speculative frame for 60129542149 [14,5]
[1125/075408.587:WARNING:browser_info.cc(298)] Returning a speculative frame for 60129542149 [14,5]
[1125/075408.773:WARNING:browser_info.cc(298)] Returning a speculative frame for 51539607566 [12,14]
[1125/075408.773:WARNING:browser_info.cc(298)] Returning a speculative frame for 51539607566 [12,14]
[1125/075408.774:WARNING:browser_info.cc(298)] Returning a speculative frame for 51539607566 [12,14]
[1125/075408.774:WARNING:browser_info.cc(298)] Returning a speculative frame for 51539607566 [12,14]
[1125/075409.182:WARNING:browser_info.cc(298)] Returning a speculative frame for 60129542155 [14,11]
[1125/075409.183:WARNING:browser_info.cc(298)] Returning a speculative frame for 60129542155 [14,11]
[1125/075409.183:WARNING:browser_info.cc(298)] Returning a speculative frame for 60129542155 [14,11]
[1125/075409.183:WARNING:browser_info.cc(298)] Returning a speculative frame for 60129542155 [14,11]
[1125/075411.039:INFO:CONSOLE(133)] "[Report Only] This document requires 'TrustedScriptURL' assignment.", source: https://www.google.com/gmail/about/ (133)
[1125/075522.275:ERROR:gpu_init.cc(453)] Passthrough is not supported, GL is disabled, ANGLE is 
[1125/085408.713:WARNING:browser_info.cc(298)] Returning a speculative frame for 64424509445 [15,5]
[1125/085408.845:WARNING:browser_info.cc(298)] Returning a speculative frame for 64424509445 [15,5]
[1125/085408.845:WARNING:browser_info.cc(298)] Returning a speculative frame for 64424509445 [15,5]
[1125/085408.846:WARNING:browser_info.cc(298)] Returning a speculative frame for 64424509445 [15,5]
[1125/085408.846:WARNING:browser_info.cc(298)] Returning a speculative frame for 64424509445 [15,5]
[1125/085409.293:WARNING:browser_info.cc(298)] Returning a speculative frame for 64424509449 [15,9]
[1125/085409.294:WARNING:browser_info.cc(298)] Returning a speculative frame for 64424509449 [15,9]
[1125/085409.294:WARNING:browser_info.cc(298)] Returning a speculative frame for 64424509449 [15,9]
[1125/085409.294:WARNING:browser_info.cc(298)] Returning a speculative frame for 64424509449 [15,9]
[1125/085409.339:WARNING:browser_info.cc(298)] Returning a speculative frame for 64424509452 [15,12]
[1125/085409.340:WARNING:browser_info.cc(298)] Returning a speculative frame for 64424509452 [15,12]
[1125/085409.340:WARNING:browser_info.cc(298)] Returning a speculative frame for 64424509452 [15,12]
[1125/085409.340:WARNING:browser_info.cc(298)] Returning a speculative frame for 64424509452 [15,12]
[1125/104211.049:INFO:child_thread_impl.cc(902)] ChildThreadImpl::EnsureConnected()
[1125/104243.851:INFO:child_thread_impl.cc(902)] ChildThreadImpl::EnsureConnected()
[1125/105217.754:INFO:child_thread_impl.cc(902)] ChildThreadImpl::EnsureConnected()
[1125/110754.875:INFO:child_thread_impl.cc(902)] ChildThreadImpl::EnsureConnected()
[1125/111932.548:INFO:child_thread_impl.cc(902)] ChildThreadImpl::EnsureConnected()
[1125/112203.230:INFO:child_thread_impl.cc(902)] ChildThreadImpl::EnsureConnected()
[1125/112420.348:INFO:child_thread_impl.cc(902)] ChildThreadImpl::EnsureConnected()
[1125/112801.931:INFO:CONSOLE(0)] "The resource https://r.bing.com/rp/lmu8EBCaPRMKtay8LSArGyY3mv4.br.js was preloaded using link preload but not used within a few seconds from the window's load event. Please make sure it has an appropriate `as` value and it is preloaded intentionally.", source: https://www.bing.com/ (0)
[1125/112802.137:INFO:modulator_impl_base.cc(135)] "Import Map: \"blob:https://www.bing.com/f5453245-c0b7-4137-9801-33d8d34f434f\" skips prefix match because of non-special URL scheme"
[1125/112802.139:INFO:modulator_impl_base.cc(135)] "Import Map: \"blob:https://www.bing.com/b7a2e0ea-55e9-4718-809a-a5bda3b8516e\" skips prefix match because of non-special URL scheme"
[1125/112802.150:INFO:modulator_impl_base.cc(135)] "Import Map: \"data:text/json,{}\" skips prefix match because of non-special URL scheme"
[1125/112802.777:INFO:modulator_impl_base.cc(135)] "Import Map: \"x\" matches with \"x\" and is mapped to data:text/javascript,"
[1125/112803.725:INFO:modulator_impl_base.cc(135)] "Import Map: \"https://assets.msn.com/bundles/v1/bingHomepage/latest/widget-initializer.js\" matches with no entries and thus is not mapped."
[1125/112803.940:WARNING:browser_info.cc(298)] Returning a speculative frame for 21474836485 [5,5]
[1125/112804.638:INFO:CONSOLE(2)] "chrome.loadTimes() is deprecated, instead use standardized API: Paint Timing. https://www.chromestatus.com/features/5637885046816768.", source: https://r.bing.com/rp/NlBESWMQs1lNi0lqIqVRG5-LWVQ.br.js (2)
[1125/112804.666:WARNING:browser_info.cc(298)] Returning a speculative frame for 30064771078 [7,6]
[1125/112804.829:WARNING:browser_info.cc(298)] Returning a speculative frame for 21474836485 [5,5]
[1125/112804.830:WARNING:browser_info.cc(298)] Returning a speculative frame for 21474836485 [5,5]
[1125/112804.830:WARNING:browser_info.cc(298)] Returning a speculative frame for 21474836485 [5,5]
[1125/112804.831:WARNING:browser_info.cc(298)] Returning a speculative frame for 21474836485 [5,5]
[1125/112804.931:WARNING:browser_info.cc(298)] Returning a speculative frame for 17179869192 [4,8]
[1125/112804.932:WARNING:browser_info.cc(298)] Returning a speculative frame for 17179869192 [4,8]
[1125/112804.932:WARNING:browser_info.cc(298)] Returning a speculative frame for 17179869192 [4,8]
[1125/112804.933:WARNING:browser_info.cc(298)] Returning a speculative frame for 17179869192 [4,8]
[1125/113147.109:INFO:child_thread_impl.cc(902)] ChildThreadImpl::EnsureConnected()
[1125/113918.637:INFO:modulator_impl_base.cc(135)] "Import Map: \"blob:https://www.bing.com/0d5967e3-1e1e-46a6-bd14-2ccb48db18bd\" skips prefix match because of non-special URL scheme"
[1125/113918.638:INFO:modulator_impl_base.cc(135)] "Import Map: \"blob:https://www.bing.com/92ebcd91-2902-4da2-8a93-98efada47cb6\" skips prefix match because of non-special URL scheme"
[1125/113918.644:INFO:modulator_impl_base.cc(135)] "Import Map: \"data:text/json,{}\" skips prefix match because of non-special URL scheme"
[1125/113918.653:INFO:modulator_impl_base.cc(135)] "Import Map: \"x\" matches with \"x\" and is mapped to data:text/javascript,"
[1125/113919.035:INFO:modulator_impl_base.cc(135)] "Import Map: \"https://assets.msn.com/bundles/v1/bingHomepage/latest/widget-initializer.js\" matches with no entries and thus is not mapped."
[1125/113919.257:WARNING:browser_info.cc(298)] Returning a speculative frame for 21474836485 [5,5]
[1125/113919.299:INFO:CONSOLE(2)] "chrome.loadTimes() is deprecated, instead use standardized API: Paint Timing. https://www.chromestatus.com/features/5637885046816768.", source: https://r.bing.com/rp/NlBESWMQs1lNi0lqIqVRG5-LWVQ.br.js (2)
[1125/113919.413:WARNING:browser_info.cc(298)] Returning a speculative frame for 30064771078 [7,6]
[1125/113919.564:WARNING:browser_info.cc(298)] Returning a speculative frame for 21474836485 [5,5]
[1125/113919.564:WARNING:browser_info.cc(298)] Returning a speculative frame for 21474836485 [5,5]
[1125/113919.565:WARNING:browser_info.cc(298)] Returning a speculative frame for 21474836485 [5,5]
[1125/113919.565:WARNING:browser_info.cc(298)] Returning a speculative frame for 21474836485 [5,5]
[1125/113919.649:WARNING:browser_info.cc(298)] Returning a speculative frame for 17179869192 [4,8]
[1125/113919.650:WARNING:browser_info.cc(298)] Returning a speculative frame for 17179869192 [4,8]
[1125/113919.650:WARNING:browser_info.cc(298)] Returning a speculative frame for 17179869192 [4,8]
[1125/113919.651:WARNING:browser_info.cc(298)] Returning a speculative frame for 17179869192 [4,8]
[1125/113921.581:INFO:CONSOLE(0)] "The resource https://r.bing.com/rp/lmu8EBCaPRMKtay8LSArGyY3mv4.br.js was preloaded using link preload but not used within a few seconds from the window's load event. Please make sure it has an appropriate `as` value and it is preloaded intentionally.", source: https://www.bing.com/ (0)
[1125/114535.177:INFO:modulator_impl_base.cc(135)] "Import Map: \"blob:https://www.bing.com/8a90b37b-13cc-459b-a433-feee7426d121\" skips prefix match because of non-special URL scheme"
[1125/114535.180:INFO:modulator_impl_base.cc(135)] "Import Map: \"blob:https://www.bing.com/4d47e6d5-af1d-42da-957b-3555efa3834c\" skips prefix match because of non-special URL scheme"
[1125/114535.188:INFO:modulator_impl_base.cc(135)] "Import Map: \"data:text/json,{}\" skips prefix match because of non-special URL scheme"
[1125/114535.199:INFO:modulator_impl_base.cc(135)] "Import Map: \"x\" matches with \"x\" and is mapped to data:text/javascript,"
[1125/114535.727:INFO:modulator_impl_base.cc(135)] "Import Map: \"https://assets.msn.com/bundles/v1/bingHomepage/latest/widget-initializer.js\" matches with no entries and thus is not mapped."
[1125/114535.967:WARNING:spdy_session.cc(3499)] Received HEADERS for invalid stream 129
[1125/114817.691:INFO:child_thread_impl.cc(902)] ChildThreadImpl::EnsureConnected()
[1125/114910.740:INFO:child_thread_impl.cc(902)] ChildThreadImpl::EnsureConnected()
[1125/114949.182:INFO:child_thread_impl.cc(902)] ChildThreadImpl::EnsureConnected()
[1125/115219.557:INFO:modulator_impl_base.cc(135)] "Import Map: \"blob:https://www.bing.com/d9369fc8-2ff6-4a17-978c-b595d1619a11\" skips prefix match because of non-special URL scheme"
[1125/115219.559:INFO:modulator_impl_base.cc(135)] "Import Map: \"blob:https://www.bing.com/407c39ca-f1ff-40ba-9dc8-7721d32b9f24\" skips prefix match because of non-special URL scheme"
[1125/115219.567:INFO:modulator_impl_base.cc(135)] "Import Map: \"data:text/json,{}\" skips prefix match because of non-special URL scheme"
[1125/115219.579:INFO:modulator_impl_base.cc(135)] "Import Map: \"x\" matches with \"x\" and is mapped to data:text/javascript,"
[1125/115220.058:INFO:modulator_impl_base.cc(135)] "Import Map: \"https://assets.msn.com/bundles/v1/bingHomepage/latest/widget-initializer.js\" matches with no entries and thus is not mapped."
[1125/115220.248:WARNING:browser_info.cc(298)] Returning a speculative frame for 21474836485 [5,5]
[1125/115220.296:INFO:CONSOLE(2)] "chrome.loadTimes() is deprecated, instead use standardized API: Paint Timing. https://www.chromestatus.com/features/5637885046816768.", source: https://r.bing.com/rp/NlBESWMQs1lNi0lqIqVRG5-LWVQ.br.js (2)
[1125/115220.396:WARNING:browser_info.cc(298)] Returning a speculative frame for 30064771078 [7,6]
[1125/115220.569:WARNING:browser_info.cc(298)] Returning a speculative frame for 21474836485 [5,5]
[1125/115220.569:WARNING:browser_info.cc(298)] Returning a speculative frame for 21474836485 [5,5]
[1125/115220.570:WARNING:browser_info.cc(298)] Returning a speculative frame for 21474836485 [5,5]
[1125/115220.571:WARNING:browser_info.cc(298)] Returning a speculative frame for 21474836485 [5,5]
[1125/115220.708:WARNING:browser_info.cc(298)] Returning a speculative frame for 17179869192 [4,8]
[1125/115220.708:WARNING:browser_info.cc(298)] Returning a speculative frame for 17179869192 [4,8]
[1125/115220.709:WARNING:browser_info.cc(298)] Returning a speculative frame for 17179869192 [4,8]
[1125/115220.709:WARNING:browser_info.cc(298)] Returning a speculative frame for 17179869192 [4,8]
[1125/115222.324:INFO:CONSOLE(0)] "The resource https://r.bing.com/rp/lmu8EBCaPRMKtay8LSArGyY3mv4.br.js was preloaded using link preload but not used within a few seconds from the window's load event. Please make sure it has an appropriate `as` value and it is preloaded intentionally.", source: https://www.bing.com/ (0)
[1125/120049.438:WARNING:dns_config_service_win.cc(712)] Failed to read DnsConfig.
[1125/120049.646:WARNING:dns_config_service_win.cc(712)] Failed to read DnsConfig.
[1125/120050.101:ERROR:gpu_init.cc(453)] Passthrough is not supported, GL is disabled, ANGLE is 
[1125/123257.439:INFO:modulator_impl_base.cc(135)] "Import Map: \"blob:https://www.bing.com/83e45dd8-ad7e-4bfd-95be-d67d9e339d74\" skips prefix match because of non-special URL scheme"
[1125/123257.443:INFO:modulator_impl_base.cc(135)] "Import Map: \"blob:https://www.bing.com/6f7faa51-881c-4563-a861-daa6af6250e3\" skips prefix match because of non-special URL scheme"
[1125/123257.461:INFO:modulator_impl_base.cc(135)] "Import Map: \"data:text/json,{}\" skips prefix match because of non-special URL scheme"
[1125/123257.481:INFO:modulator_impl_base.cc(135)] "Import Map: \"x\" matches with \"x\" and is mapped to data:text/javascript,"
[1125/123258.094:INFO:modulator_impl_base.cc(135)] "Import Map: \"https://assets.msn.com/bundles/v1/bingHomepage/latest/widget-initializer.js\" matches with no entries and thus is not mapped."
[1125/123258.260:WARNING:browser_info.cc(298)] Returning a speculative frame for 21474836485 [5,5]
[1125/123258.318:INFO:CONSOLE(2)] "chrome.loadTimes() is deprecated, instead use standardized API: Paint Timing. https://www.chromestatus.com/features/5637885046816768.", source: https://r.bing.com/rp/NlBESWMQs1lNi0lqIqVRG5-LWVQ.br.js (2)
[1125/123258.458:WARNING:browser_info.cc(298)] Returning a speculative frame for 30064771078 [7,6]
[1125/123258.615:WARNING:browser_info.cc(298)] Returning a speculative frame for 21474836485 [5,5]
[1125/123258.615:WARNING:browser_info.cc(298)] Returning a speculative frame for 21474836485 [5,5]
[1125/123258.615:WARNING:browser_info.cc(298)] Returning a speculative frame for 21474836485 [5,5]
[1125/123258.615:WARNING:browser_info.cc(298)] Returning a speculative frame for 21474836485 [5,5]
[1125/123258.729:WARNING:browser_info.cc(298)] Returning a speculative frame for 17179869192 [4,8]
[1125/123258.729:WARNING:browser_info.cc(298)] Returning a speculative frame for 17179869192 [4,8]
[1125/123258.729:WARNING:browser_info.cc(298)] Returning a speculative frame for 17179869192 [4,8]
[1125/123258.729:WARNING:browser_info.cc(298)] Returning a speculative frame for 17179869192 [4,8]
[1125/123300.185:INFO:CONSOLE(0)] "The resource https://r.bing.com/rp/lmu8EBCaPRMKtay8LSArGyY3mv4.br.js was preloaded using link preload but not used within a few seconds from the window's load event. Please make sure it has an appropriate `as` value and it is preloaded intentionally.", source: https://www.bing.com/ (0)
[1125/124614.710:INFO:modulator_impl_base.cc(135)] "Import Map: \"blob:https://www.bing.com/4e67dcc1-4fdc-4198-b1c4-9cb80429ac4c\" skips prefix match because of non-special URL scheme"
[1125/124614.712:INFO:modulator_impl_base.cc(135)] "Import Map: \"blob:https://www.bing.com/3c8df2a8-7ce4-4629-9314-c9e3dc0a8164\" skips prefix match because of non-special URL scheme"
[1125/124614.721:INFO:modulator_impl_base.cc(135)] "Import Map: \"data:text/json,{}\" skips prefix match because of non-special URL scheme"
[1125/124614.730:INFO:modulator_impl_base.cc(135)] "Import Map: \"x\" matches with \"x\" and is mapped to data:text/javascript,"
[1125/124615.271:INFO:modulator_impl_base.cc(135)] "Import Map: \"https://assets.msn.com/bundles/v1/bingHomepage/latest/widget-initializer.js\" matches with no entries and thus is not mapped."
[1125/124615.557:WARNING:browser_info.cc(298)] Returning a speculative frame for 21474836485 [5,5]
[1125/124615.613:INFO:CONSOLE(2)] "chrome.loadTimes() is deprecated, instead use standardized API: Paint Timing. https://www.chromestatus.com/features/5637885046816768.", source: https://r.bing.com/rp/NlBESWMQs1lNi0lqIqVRG5-LWVQ.br.js (2)
[1125/124615.786:WARNING:browser_info.cc(298)] Returning a speculative frame for 30064771078 [7,6]
[1125/124615.862:WARNING:browser_info.cc(298)] Returning a speculative frame for 21474836485 [5,5]
[1125/124615.863:WARNING:browser_info.cc(298)] Returning a speculative frame for 21474836485 [5,5]
[1125/124615.863:WARNING:browser_info.cc(298)] Returning a speculative frame for 21474836485 [5,5]
[1125/124615.863:WARNING:browser_info.cc(298)] Returning a speculative frame for 21474836485 [5,5]
[1125/124615.951:WARNING:browser_info.cc(298)] Returning a speculative frame for 17179869192 [4,8]
[1125/124615.951:WARNING:browser_info.cc(298)] Returning a speculative frame for 17179869192 [4,8]
[1125/124615.951:WARNING:browser_info.cc(298)] Returning a speculative frame for 17179869192 [4,8]
[1125/124615.951:WARNING:browser_info.cc(298)] Returning a speculative frame for 17179869192 [4,8]
[1125/124617.206:INFO:CONSOLE(0)] "The resource https://r.bing.com/rp/lmu8EBCaPRMKtay8LSArGyY3mv4.br.js was preloaded using link preload but not used within a few seconds from the window's load event. Please make sure it has an appropriate `as` value and it is preloaded intentionally.", source: https://www.bing.com/ (0)
[1125/124841.990:INFO:modulator_impl_base.cc(135)] "Import Map: \"blob:https://www.bing.com/55e21eb4-79dd-4105-aac1-b6d03fab11b9\" skips prefix match because of non-special URL scheme"
[1125/124841.992:INFO:modulator_impl_base.cc(135)] "Import Map: \"blob:https://www.bing.com/51c5fb42-2c18-4b9d-9c23-a441c6d5f928\" skips prefix match because of non-special URL scheme"
[1125/124842.002:INFO:modulator_impl_base.cc(135)] "Import Map: \"data:text/json,{}\" skips prefix match because of non-special URL scheme"
[1125/124842.014:INFO:modulator_impl_base.cc(135)] "Import Map: \"x\" matches with \"x\" and is mapped to data:text/javascript,"
[1125/124842.409:INFO:modulator_impl_base.cc(135)] "Import Map: \"https://assets.msn.com/bundles/v1/bingHomepage/latest/widget-initializer.js\" matches with no entries and thus is not mapped."
[1125/124842.619:WARNING:browser_info.cc(298)] Returning a speculative frame for 21474836485 [5,5]
[1125/124842.654:INFO:CONSOLE(2)] "chrome.loadTimes() is deprecated, instead use standardized API: Paint Timing. https://www.chromestatus.com/features/5637885046816768.", source: https://r.bing.com/rp/NlBESWMQs1lNi0lqIqVRG5-LWVQ.br.js (2)
[1125/124842.800:WARNING:browser_info.cc(298)] Returning a speculative frame for 30064771078 [7,6]
[1125/124842.878:WARNING:browser_info.cc(298)] Returning a speculative frame for 21474836485 [5,5]
[1125/124842.878:WARNING:browser_info.cc(298)] Returning a speculative frame for 21474836485 [5,5]
[1125/124842.878:WARNING:browser_info.cc(298)] Returning a speculative frame for 21474836485 [5,5]
[1125/124842.879:WARNING:browser_info.cc(298)] Returning a speculative frame for 21474836485 [5,5]
[1125/124842.967:WARNING:browser_info.cc(298)] Returning a speculative frame for 17179869192 [4,8]
[1125/124842.967:WARNING:browser_info.cc(298)] Returning a speculative frame for 17179869192 [4,8]
[1125/124842.967:WARNING:browser_info.cc(298)] Returning a speculative frame for 17179869192 [4,8]
[1125/124842.967:WARNING:browser_info.cc(298)] Returning a speculative frame for 17179869192 [4,8]
[1125/124844.672:INFO:CONSOLE(0)] "The resource https://r.bing.com/rp/lmu8EBCaPRMKtay8LSArGyY3mv4.br.js was preloaded using link preload but not used within a few seconds from the window's load event. Please make sure it has an appropriate `as` value and it is preloaded intentionally.", source: https://www.bing.com/ (0)
